<?xml version="1.0" encoding="UTF-8"?>
<!-- Generated by org.testng.reporters.JUnitReportReporter -->
<testsuite hostname="AMAV1Q0509154" failures="0" tests="3" name="com.src.webcomponents.AlertDemo" time="8.958" errors="0" timestamp="2023-01-30T13:17:52 IST" skipped="0">
  <testcase classname="com.src.webcomponents.AlertDemo" name="testsimplealert" time="2.381"/>
  <system-out/>
  <testcase classname="com.src.webcomponents.AlertDemo" name="testConfirmationalert" time="2.750"/>
  <system-out/>
  <testcase classname="com.src.webcomponents.AlertDemo" name="testPromptalert" time="3.827"/>
  <system-out/>
</testsuite> <!-- com.src.webcomponents.AlertDemo -->
