<?xml version="1.0" encoding="UTF-8"?>
<!-- Generated by org.testng.reporters.JUnitReportReporter -->
<testsuite hostname="AMAV1Q0509154" failures="0" tests="1" name="com.src.webcomponents.FrameDemo" time="1.234" errors="0" timestamp="2023-01-30T13:36:41 IST" skipped="0">
  <testcase classname="com.src.webcomponents.FrameDemo" name="testsimplealert" time="1.234"/>
  <system-out/>
</testsuite> <!-- com.src.webcomponents.FrameDemo -->
